Using pre-set license
Built from '2020.3/staging' branch; Version is '2020.3.8f1 (507919d4fff5) revision 5273881'; Using compiler version '192528614'; Build Type 'Release'
OS: 'Windows 10 Pro; OS build 19044.2846; Version 2009; 64bit' Language: 'tr' Physical Memory: 16343 MB
BatchMode: 1, IsHumanControllingUs: 0, StartBugReporterOnCrash: 0, Is64bit: 1, IsPro: 0

 COMMAND LINE ARGUMENTS:
C:\Program Files\Unity\Hub\Editor\2020.3.8f1\Editor\Unity.exe
-adb2
-batchMode
-noUpm
-name
AssetImportWorker0
-projectPath
C:/Users/cimbo/Unity/Flappy Bird
-logFile
Logs/AssetImportWorker0.log
-srvPort
52334
Successfully changed project path to: C:/Users/cimbo/Unity/Flappy Bird
C:/Users/cimbo/Unity/Flappy Bird
Using Asset Import Pipeline V2.
Refreshing native plugins compatible for Editor in 35.02 ms, found 1 plugins.
Preloading 0 native plugins for Editor in 0.00 ms.
Initialize engine version: 2020.3.8f1 (507919d4fff5)
[Subsystems] Discovering subsystems at path C:/Program Files/Unity/Hub/Editor/2020.3.8f1/Editor/Data/Resources/UnitySubsystems
[Subsystems] Discovering subsystems at path C:/Users/cimbo/Unity/Flappy Bird/Assets
GfxDevice: creating device client; threaded=0
Direct3D:
    Version:  Direct3D 11.0 [level 11.1]
    Renderer: NVIDIA GeForce GTX 1070 (ID=0x1b81)
    Vendor:   
    VRAM:     8081 MB
    Driver:   31.0.15.2849
Initialize mono
Mono path[0] = 'C:/Program Files/Unity/Hub/Editor/2020.3.8f1/Editor/Data/Managed'
Mono path[1] = 'C:/Program Files/Unity/Hub/Editor/2020.3.8f1/Editor/Data/MonoBleedingEdge/lib/mono/unityjit'
Mono config path = 'C:/Program Files/Unity/Hub/Editor/2020.3.8f1/Editor/Data/MonoBleedingEdge/etc'
Using monoOptions --debugger-agent=transport=dt_socket,embedding=1,server=y,suspend=n,address=127.0.0.1:56576
Begin MonoManager ReloadAssembly
Registering precompiled unity dll's ...
Register platform support module: C:/Program Files/Unity/Hub/Editor/2020.3.8f1/Editor/Data/PlaybackEngines/WindowsStandaloneSupport/UnityEditor.WindowsStandalone.Extensions.dll
Registered in 0.001885 seconds.
Native extension for WindowsStandalone target not found
Refreshing native plugins compatible for Editor in 30.26 ms, found 1 plugins.
Preloading 0 native plugins for Editor in 0.00 ms.
Mono: successfully reloaded assembly
- Completed reload, in  1.783 seconds
Platform modules already initialized, skipping
Registering precompiled user dll's ...
Registered in 0.000902 seconds.
Begin MonoManager ReloadAssembly
Native extension for WindowsStandalone target not found
Refreshing native plugins compatible for Editor in 30.38 ms, found 1 plugins.
Preloading 0 native plugins for Editor in 0.00 ms.
Mono: successfully reloaded assembly
- Completed reload, in  0.810 seconds
Platform modules already initialized, skipping
========================================================================
Worker process is ready to serve import requests
Launched and connected shader compiler UnityShaderCompiler.exe after 0.04 seconds
Refreshing native plugins compatible for Editor in 0.49 ms, found 1 plugins.
Preloading 0 native plugins for Editor in 0.00 ms.
Unloading 1675 Unused Serialized files (Serialized files now loaded: 0)
System memory in use before: 101.5 MB.
System memory in use after: 101.6 MB.

Unloading 15 unused Assets to reduce memory usage. Loaded Objects now: 2150.
Total: 1.839700 ms (FindLiveObjects: 0.136500 ms CreateObjectMapping: 0.044200 ms MarkObjects: 1.560300 ms  DeleteObjects: 0.097800 ms)

========================================================================
Received Import Request.
  path: Assets/Materials/Pipes.mat
  artifactKey: Guid(5f3a4333507373d4e8ea5cc490615b9f) Importer(815301076,1909f56bfc062723c751e8b465ee728b)
Start importing Assets/Materials/Pipes.mat using Guid(5f3a4333507373d4e8ea5cc490615b9f) Importer(815301076,1909f56bfc062723c751e8b465ee728b)  -> (artifact id: '976f3c38ce571b49c333c3cba37cede1') in 0.106199 seconds
  Import took 0.108758 seconds .

========================================================================
Received Import Request.
  Time since last request: 486.800739 seconds.
  path: Assets/Scripts/BackGroundScroll.cs
  artifactKey: Guid(1dc4c0d48d429634ba33a4f7d9b7029a) Importer(815301076,1909f56bfc062723c751e8b465ee728b)
Start importing Assets/Scripts/BackGroundScroll.cs using Guid(1dc4c0d48d429634ba33a4f7d9b7029a) Importer(815301076,1909f56bfc062723c751e8b465ee728b)  -> (artifact id: '833037f9f66ab7e852c46ba248c9cd25') in 0.015417 seconds
  Import took 0.019919 seconds .

========================================================================
Received Import Request.
  Time since last request: 0.002730 seconds.
  path: Assets/Scripts/BackGroundScroll.cs
  artifactKey: Guid(1dc4c0d48d429634ba33a4f7d9b7029a) Importer(815301076,1909f56bfc062723c751e8b465ee728b)
Start importing Assets/Scripts/BackGroundScroll.cs using Guid(1dc4c0d48d429634ba33a4f7d9b7029a) Importer(815301076,1909f56bfc062723c751e8b465ee728b)  -> (artifact id: '833037f9f66ab7e852c46ba248c9cd25') in 0.002403 seconds
  Import took 0.005269 seconds .

========================================================================
Received Prepare
Registering precompiled user dll's ...
Registered in 0.000858 seconds.
Begin MonoManager ReloadAssembly
Native extension for WindowsStandalone target not found
Refreshing native plugins compatible for Editor in 0.32 ms, found 1 plugins.
Preloading 0 native plugins for Editor in 0.00 ms.
Mono: successfully reloaded assembly
- Completed reload, in  0.804 seconds
Platform modules already initialized, skipping
Refreshing native plugins compatible for Editor in 0.31 ms, found 1 plugins.
Preloading 0 native plugins for Editor in 0.00 ms.
Unloading 1668 Unused Serialized files (Serialized files now loaded: 0)
System memory in use before: 104.5 MB.
System memory in use after: 104.6 MB.

Unloading 8 unused Assets to reduce memory usage. Loaded Objects now: 2195.
Total: 2.424100 ms (FindLiveObjects: 0.301000 ms CreateObjectMapping: 0.043100 ms MarkObjects: 1.988100 ms  DeleteObjects: 0.090400 ms)

========================================================================
Received Prepare
Registering precompiled user dll's ...
Registered in 0.000973 seconds.
Begin MonoManager ReloadAssembly
Native extension for WindowsStandalone target not found
Refreshing native plugins compatible for Editor in 0.31 ms, found 1 plugins.
Preloading 0 native plugins for Editor in 0.00 ms.
Mono: successfully reloaded assembly
- Completed reload, in  0.786 seconds
Platform modules already initialized, skipping
Refreshing native plugins compatible for Editor in 0.31 ms, found 1 plugins.
Preloading 0 native plugins for Editor in 0.00 ms.
Unloading 1668 Unused Serialized files (Serialized files now loaded: 0)
System memory in use before: 104.6 MB.
System memory in use after: 104.7 MB.

Unloading 8 unused Assets to reduce memory usage. Loaded Objects now: 2199.
Total: 1.948100 ms (FindLiveObjects: 0.167000 ms CreateObjectMapping: 0.044100 ms MarkObjects: 1.652900 ms  DeleteObjects: 0.083300 ms)

========================================================================
Received Import Request.
  Time since last request: 221.573095 seconds.
  path: Assets/Scripts/BackGroundScroll.cs
  artifactKey: Guid(1dc4c0d48d429634ba33a4f7d9b7029a) Importer(815301076,1909f56bfc062723c751e8b465ee728b)
Start importing Assets/Scripts/BackGroundScroll.cs using Guid(1dc4c0d48d429634ba33a4f7d9b7029a) Importer(815301076,1909f56bfc062723c751e8b465ee728b)  -> (artifact id: '5583fc2066248474f2b45354de3bbcc6') in 0.004346 seconds
  Import took 0.007344 seconds .

========================================================================
Received Prepare
Registering precompiled user dll's ...
Registered in 0.000907 seconds.
Begin MonoManager ReloadAssembly
Native extension for WindowsStandalone target not found
Refreshing native plugins compatible for Editor in 0.41 ms, found 1 plugins.
Preloading 0 native plugins for Editor in 0.00 ms.
Mono: successfully reloaded assembly
- Completed reload, in  0.780 seconds
Platform modules already initialized, skipping
Refreshing native plugins compatible for Editor in 0.31 ms, found 1 plugins.
Preloading 0 native plugins for Editor in 0.00 ms.
Unloading 1668 Unused Serialized files (Serialized files now loaded: 0)
System memory in use before: 104.6 MB.
System memory in use after: 104.7 MB.

Unloading 8 unused Assets to reduce memory usage. Loaded Objects now: 2203.
Total: 1.958400 ms (FindLiveObjects: 0.177700 ms CreateObjectMapping: 0.049800 ms MarkObjects: 1.641500 ms  DeleteObjects: 0.088500 ms)

========================================================================
Received Prepare
Registering precompiled user dll's ...
Registered in 0.000928 seconds.
Begin MonoManager ReloadAssembly
Native extension for WindowsStandalone target not found
Refreshing native plugins compatible for Editor in 0.31 ms, found 1 plugins.
Preloading 0 native plugins for Editor in 0.00 ms.
Mono: successfully reloaded assembly
- Completed reload, in  0.756 seconds
Platform modules already initialized, skipping
Refreshing native plugins compatible for Editor in 0.31 ms, found 1 plugins.
Preloading 0 native plugins for Editor in 0.00 ms.
Unloading 1668 Unused Serialized files (Serialized files now loaded: 0)
System memory in use before: 104.6 MB.
System memory in use after: 104.7 MB.

Unloading 8 unused Assets to reduce memory usage. Loaded Objects now: 2207.
Total: 2.294700 ms (FindLiveObjects: 0.174800 ms CreateObjectMapping: 0.054000 ms MarkObjects: 1.997000 ms  DeleteObjects: 0.068000 ms)

========================================================================
Received Prepare
Registering precompiled user dll's ...
Registered in 0.000936 seconds.
Begin MonoManager ReloadAssembly
Native extension for WindowsStandalone target not found
Refreshing native plugins compatible for Editor in 0.33 ms, found 1 plugins.
Preloading 0 native plugins for Editor in 0.00 ms.
Mono: successfully reloaded assembly
- Completed reload, in  0.860 seconds
Platform modules already initialized, skipping
Refreshing native plugins compatible for Editor in 0.32 ms, found 1 plugins.
Preloading 0 native plugins for Editor in 0.00 ms.
Unloading 1668 Unused Serialized files (Serialized files now loaded: 0)
System memory in use before: 104.6 MB.
System memory in use after: 104.7 MB.

Unloading 8 unused Assets to reduce memory usage. Loaded Objects now: 2211.
Total: 1.747800 ms (FindLiveObjects: 0.152300 ms CreateObjectMapping: 0.040700 ms MarkObjects: 1.468500 ms  DeleteObjects: 0.085400 ms)

========================================================================
Received Import Request.
  Time since last request: 777.824441 seconds.
  path: Assets/Scripts/MenuManager.cs
  artifactKey: Guid(bf7c4ab6386dbb543afdbe24dbbe8516) Importer(815301076,1909f56bfc062723c751e8b465ee728b)
Start importing Assets/Scripts/MenuManager.cs using Guid(bf7c4ab6386dbb543afdbe24dbbe8516) Importer(815301076,1909f56bfc062723c751e8b465ee728b)  -> (artifact id: 'e2b400e00dc2206ef05d95d9ec0e1de9') in 0.010305 seconds
  Import took 0.013748 seconds .

========================================================================
Received Prepare
Registering precompiled user dll's ...
Registered in 0.000938 seconds.
Begin MonoManager ReloadAssembly
Native extension for WindowsStandalone target not found
Refreshing native plugins compatible for Editor in 0.34 ms, found 1 plugins.
Preloading 0 native plugins for Editor in 0.00 ms.
Mono: successfully reloaded assembly
- Completed reload, in  0.829 seconds
Platform modules already initialized, skipping
Refreshing native plugins compatible for Editor in 0.34 ms, found 1 plugins.
Preloading 0 native plugins for Editor in 0.00 ms.
Unloading 1669 Unused Serialized files (Serialized files now loaded: 0)
System memory in use before: 104.6 MB.
System memory in use after: 104.7 MB.

Unloading 8 unused Assets to reduce memory usage. Loaded Objects now: 2216.
Total: 2.201200 ms (FindLiveObjects: 0.266300 ms CreateObjectMapping: 0.096000 ms MarkObjects: 1.759000 ms  DeleteObjects: 0.078700 ms)

========================================================================
Received Prepare
Registering precompiled user dll's ...
Registered in 0.001268 seconds.
Begin MonoManager ReloadAssembly
Native extension for WindowsStandalone target not found
Refreshing native plugins compatible for Editor in 0.30 ms, found 1 plugins.
Preloading 0 native plugins for Editor in 0.00 ms.
Mono: successfully reloaded assembly
- Completed reload, in  0.776 seconds
Platform modules already initialized, skipping
Refreshing native plugins compatible for Editor in 0.30 ms, found 1 plugins.
Preloading 0 native plugins for Editor in 0.00 ms.
Unloading 1669 Unused Serialized files (Serialized files now loaded: 0)
System memory in use before: 104.7 MB.
System memory in use after: 104.7 MB.

Unloading 8 unused Assets to reduce memory usage. Loaded Objects now: 2220.
Total: 2.218300 ms (FindLiveObjects: 0.161100 ms CreateObjectMapping: 0.041000 ms MarkObjects: 1.934500 ms  DeleteObjects: 0.080500 ms)

========================================================================
Received Import Request.
  Time since last request: 69.966438 seconds.
  path: Assets/Scripts/MenuManager.cs
  artifactKey: Guid(bf7c4ab6386dbb543afdbe24dbbe8516) Importer(815301076,1909f56bfc062723c751e8b465ee728b)
Start importing Assets/Scripts/MenuManager.cs using Guid(bf7c4ab6386dbb543afdbe24dbbe8516) Importer(815301076,1909f56bfc062723c751e8b465ee728b)  -> (artifact id: 'e8d6fc9f4ceb1b95c7baf5ed694f9e25') in 0.004138 seconds
  Import took 0.006761 seconds .

========================================================================
Received Prepare
Registering precompiled user dll's ...
Registered in 0.001618 seconds.
Begin MonoManager ReloadAssembly
Native extension for WindowsStandalone target not found
Refreshing native plugins compatible for Editor in 0.30 ms, found 1 plugins.
Preloading 0 native plugins for Editor in 0.00 ms.
Mono: successfully reloaded assembly
- Completed reload, in  0.778 seconds
Platform modules already initialized, skipping
Refreshing native plugins compatible for Editor in 0.31 ms, found 1 plugins.
Preloading 0 native plugins for Editor in 0.00 ms.
Unloading 1669 Unused Serialized files (Serialized files now loaded: 0)
System memory in use before: 104.7 MB.
System memory in use after: 104.8 MB.

Unloading 8 unused Assets to reduce memory usage. Loaded Objects now: 2224.
Total: 1.767800 ms (FindLiveObjects: 0.141200 ms CreateObjectMapping: 0.043000 ms MarkObjects: 1.534600 ms  DeleteObjects: 0.048300 ms)

========================================================================
Received Prepare
Registering precompiled user dll's ...
Registered in 0.001005 seconds.
Begin MonoManager ReloadAssembly
Native extension for WindowsStandalone target not found
Refreshing native plugins compatible for Editor in 0.30 ms, found 1 plugins.
Preloading 0 native plugins for Editor in 0.00 ms.
Mono: successfully reloaded assembly
- Completed reload, in  0.731 seconds
Platform modules already initialized, skipping
Refreshing native plugins compatible for Editor in 0.30 ms, found 1 plugins.
Preloading 0 native plugins for Editor in 0.00 ms.
Unloading 1669 Unused Serialized files (Serialized files now loaded: 0)
System memory in use before: 104.7 MB.
System memory in use after: 104.8 MB.

Unloading 8 unused Assets to reduce memory usage. Loaded Objects now: 2228.
Total: 1.771400 ms (FindLiveObjects: 0.148100 ms CreateObjectMapping: 0.043400 ms MarkObjects: 1.488300 ms  DeleteObjects: 0.090700 ms)

========================================================================
Received Prepare
Registering precompiled user dll's ...
Registered in 0.001178 seconds.
Begin MonoManager ReloadAssembly
Native extension for WindowsStandalone target not found
Refreshing native plugins compatible for Editor in 0.30 ms, found 1 plugins.
Preloading 0 native plugins for Editor in 0.00 ms.
Mono: successfully reloaded assembly
- Completed reload, in  0.768 seconds
Platform modules already initialized, skipping
Refreshing native plugins compatible for Editor in 0.31 ms, found 1 plugins.
Preloading 0 native plugins for Editor in 0.00 ms.
Unloading 1669 Unused Serialized files (Serialized files now loaded: 0)
System memory in use before: 104.7 MB.
System memory in use after: 104.8 MB.

Unloading 8 unused Assets to reduce memory usage. Loaded Objects now: 2232.
Total: 1.612500 ms (FindLiveObjects: 0.164800 ms CreateObjectMapping: 0.054200 ms MarkObjects: 1.343900 ms  DeleteObjects: 0.048800 ms)

========================================================================
Received Prepare
Registering precompiled user dll's ...
Registered in 0.000916 seconds.
Begin MonoManager ReloadAssembly
Native extension for WindowsStandalone target not found
Refreshing native plugins compatible for Editor in 0.31 ms, found 1 plugins.
Preloading 0 native plugins for Editor in 0.00 ms.
Mono: successfully reloaded assembly
- Completed reload, in  0.832 seconds
Platform modules already initialized, skipping
Refreshing native plugins compatible for Editor in 0.31 ms, found 1 plugins.
Preloading 0 native plugins for Editor in 0.00 ms.
Unloading 1669 Unused Serialized files (Serialized files now loaded: 0)
System memory in use before: 104.7 MB.
System memory in use after: 104.8 MB.

Unloading 8 unused Assets to reduce memory usage. Loaded Objects now: 2236.
Total: 1.654100 ms (FindLiveObjects: 0.166100 ms CreateObjectMapping: 0.053800 ms MarkObjects: 1.384100 ms  DeleteObjects: 0.049100 ms)

========================================================================
Received Import Request.
  Time since last request: 2862.752563 seconds.
  path: Assets/Scenes/SampleScene
  artifactKey: Guid(16986ee3bf3f19547985504a5a1dde4d) Importer(815301076,1909f56bfc062723c751e8b465ee728b)
Start importing Assets/Scenes/SampleScene using Guid(16986ee3bf3f19547985504a5a1dde4d) Importer(815301076,1909f56bfc062723c751e8b465ee728b)  -> (artifact id: '7376fa4d15c39c7620b81e8a7b8091af') in 0.009887 seconds
  Import took 0.012676 seconds .

========================================================================
Received Import Request.
  Time since last request: 0.089280 seconds.
  path: Assets/Scenes/SampleScene/LightingData.asset
  artifactKey: Guid(ac4af721858555c42969d5dbb9dc640f) Importer(815301076,1909f56bfc062723c751e8b465ee728b)
Start importing Assets/Scenes/SampleScene/LightingData.asset using Guid(ac4af721858555c42969d5dbb9dc640f) Importer(815301076,1909f56bfc062723c751e8b465ee728b)  -> (artifact id: 'de367dc0c0cbe2ee5ba617d26a7ac42d') in 0.056795 seconds
  Import took 0.059456 seconds .

========================================================================
Received Import Request.
  Time since last request: 0.000309 seconds.
  path: Assets/Scenes/SampleScene/ReflectionProbe-0.exr
  artifactKey: Guid(fb7c2cf3410bf2f4db21ea63b32d394d) Importer(815301076,1909f56bfc062723c751e8b465ee728b)
Start importing Assets/Scenes/SampleScene/ReflectionProbe-0.exr using Guid(fb7c2cf3410bf2f4db21ea63b32d394d) Importer(815301076,1909f56bfc062723c751e8b465ee728b)  -> (artifact id: '668ef617d1f71efb4dbd59e12aaa597a') in 0.068654 seconds
  Import took 0.070978 seconds .

========================================================================
Received Prepare
Registering precompiled user dll's ...
Registered in 0.000925 seconds.
Begin MonoManager ReloadAssembly
Native extension for WindowsStandalone target not found
Refreshing native plugins compatible for Editor in 0.31 ms, found 1 plugins.
Preloading 0 native plugins for Editor in 0.00 ms.
Mono: successfully reloaded assembly
- Completed reload, in  0.770 seconds
Platform modules already initialized, skipping
Refreshing native plugins compatible for Editor in 0.30 ms, found 1 plugins.
Preloading 0 native plugins for Editor in 0.00 ms.
Unloading 1669 Unused Serialized files (Serialized files now loaded: 0)
System memory in use before: 104.8 MB.
System memory in use after: 104.8 MB.

Unloading 8 unused Assets to reduce memory usage. Loaded Objects now: 2243.
Total: 1.726900 ms (FindLiveObjects: 0.164000 ms CreateObjectMapping: 0.041100 ms MarkObjects: 1.439500 ms  DeleteObjects: 0.081700 ms)

========================================================================
Received Import Request.
  Time since last request: 15.772896 seconds.
  path: Assets/Scenes/MenuScene.unity
  artifactKey: Guid(3fa0be04b879dcd4e82a95480b5d56db) Importer(815301076,1909f56bfc062723c751e8b465ee728b)
Start importing Assets/Scenes/MenuScene.unity using Guid(3fa0be04b879dcd4e82a95480b5d56db) Importer(815301076,1909f56bfc062723c751e8b465ee728b)  -> (artifact id: 'df0bd38fe4c8a7810680c402a77e0818') in 0.014135 seconds
  Import took 0.016722 seconds .

========================================================================
Received Import Request.
  Time since last request: 185.022187 seconds.
  path: Assets/Scripts/Ma覺nMenuScripts.cs
  artifactKey: Guid(9b3f1c2b7055b5f4f9ffdec473f0a229) Importer(815301076,1909f56bfc062723c751e8b465ee728b)
Start importing Assets/Scripts/Ma覺nMenuScripts.cs using Guid(9b3f1c2b7055b5f4f9ffdec473f0a229) Importer(815301076,1909f56bfc062723c751e8b465ee728b)  -> (artifact id: 'e8f874ea316ad6d61e22dd44cb64f3c5') in 0.009979 seconds
  Import took 0.015499 seconds .

========================================================================
Received Prepare
Registering precompiled user dll's ...
Registered in 0.001285 seconds.
Begin MonoManager ReloadAssembly
Native extension for WindowsStandalone target not found
Refreshing native plugins compatible for Editor in 0.30 ms, found 1 plugins.
Preloading 0 native plugins for Editor in 0.00 ms.
Mono: successfully reloaded assembly
- Completed reload, in  0.805 seconds
Platform modules already initialized, skipping
Refreshing native plugins compatible for Editor in 0.30 ms, found 1 plugins.
Preloading 0 native plugins for Editor in 0.00 ms.
Unloading 1670 Unused Serialized files (Serialized files now loaded: 0)
System memory in use before: 104.8 MB.
System memory in use after: 104.9 MB.

Unloading 8 unused Assets to reduce memory usage. Loaded Objects now: 2248.
Total: 1.991500 ms (FindLiveObjects: 0.190400 ms CreateObjectMapping: 0.055900 ms MarkObjects: 1.662200 ms  DeleteObjects: 0.082200 ms)

========================================================================
Received Prepare
Registering precompiled user dll's ...
Registered in 0.000928 seconds.
Begin MonoManager ReloadAssembly
Native extension for WindowsStandalone target not found
Refreshing native plugins compatible for Editor in 0.30 ms, found 1 plugins.
Preloading 0 native plugins for Editor in 0.00 ms.
Mono: successfully reloaded assembly
- Completed reload, in  0.781 seconds
Platform modules already initialized, skipping
Refreshing native plugins compatible for Editor in 0.31 ms, found 1 plugins.
Preloading 0 native plugins for Editor in 0.00 ms.
Unloading 1670 Unused Serialized files (Serialized files now loaded: 0)
System memory in use before: 104.8 MB.
System memory in use after: 104.9 MB.

Unloading 8 unused Assets to reduce memory usage. Loaded Objects now: 2252.
Total: 2.296800 ms (FindLiveObjects: 0.202300 ms CreateObjectMapping: 0.071100 ms MarkObjects: 1.960500 ms  DeleteObjects: 0.062000 ms)

========================================================================
Received Import Request.
  Time since last request: 62.234438 seconds.
  path: Assets/Scripts/Ma覺nMenuScripts.cs
  artifactKey: Guid(9b3f1c2b7055b5f4f9ffdec473f0a229) Importer(815301076,1909f56bfc062723c751e8b465ee728b)
Start importing Assets/Scripts/Ma覺nMenuScripts.cs using Guid(9b3f1c2b7055b5f4f9ffdec473f0a229) Importer(815301076,1909f56bfc062723c751e8b465ee728b)  -> (artifact id: 'f9fd0fbe69262e7e41aff9d09a38e8d7') in 0.003976 seconds
  Import took 0.006962 seconds .

========================================================================
Received Import Request.
  Time since last request: 173.605208 seconds.
  path: Assets/Scenes/SampleScene.unity
  artifactKey: Guid(9fc0d4010bbf28b4594072e72b8655ab) Importer(815301076,1909f56bfc062723c751e8b465ee728b)
Start importing Assets/Scenes/SampleScene.unity using Guid(9fc0d4010bbf28b4594072e72b8655ab) Importer(815301076,1909f56bfc062723c751e8b465ee728b)  -> (artifact id: '5dd65c367313a6201cb8d305a95cb100') in 0.017303 seconds
  Import took 0.020156 seconds .

========================================================================
Received Import Request.
  Time since last request: 24.272269 seconds.
  path: Assets/Scenes/MenuScene.unity
  artifactKey: Guid(3fa0be04b879dcd4e82a95480b5d56db) Importer(815301076,1909f56bfc062723c751e8b465ee728b)
Start importing Assets/Scenes/MenuScene.unity using Guid(3fa0be04b879dcd4e82a95480b5d56db) Importer(815301076,1909f56bfc062723c751e8b465ee728b)  -> (artifact id: 'ba12cd867375d897f5c61bc56a4c32c4') in 0.002884 seconds
  Import took 0.006877 seconds .

========================================================================
Received Prepare
Registering precompiled user dll's ...
Registered in 0.000907 seconds.
Begin MonoManager ReloadAssembly
Native extension for WindowsStandalone target not found
Refreshing native plugins compatible for Editor in 0.30 ms, found 1 plugins.
Preloading 0 native plugins for Editor in 0.00 ms.
Mono: successfully reloaded assembly
- Completed reload, in  0.757 seconds
Platform modules already initialized, skipping
Refreshing native plugins compatible for Editor in 0.30 ms, found 1 plugins.
Preloading 0 native plugins for Editor in 0.00 ms.
Unloading 1670 Unused Serialized files (Serialized files now loaded: 0)
System memory in use before: 104.8 MB.
System memory in use after: 104.9 MB.

Unloading 8 unused Assets to reduce memory usage. Loaded Objects now: 2256.
Total: 1.815400 ms (FindLiveObjects: 0.158200 ms CreateObjectMapping: 0.041100 ms MarkObjects: 1.552800 ms  DeleteObjects: 0.062500 ms)

========================================================================
Received Prepare
Registering precompiled user dll's ...
Registered in 0.000949 seconds.
Begin MonoManager ReloadAssembly
Native extension for WindowsStandalone target not found
Refreshing native plugins compatible for Editor in 0.34 ms, found 1 plugins.
Preloading 0 native plugins for Editor in 0.00 ms.
Mono: successfully reloaded assembly
- Completed reload, in  0.782 seconds
Platform modules already initialized, skipping
Refreshing native plugins compatible for Editor in 0.30 ms, found 1 plugins.
Preloading 0 native plugins for Editor in 0.00 ms.
Unloading 1670 Unused Serialized files (Serialized files now loaded: 0)
System memory in use before: 104.8 MB.
System memory in use after: 104.9 MB.

Unloading 8 unused Assets to reduce memory usage. Loaded Objects now: 2260.
Total: 1.790800 ms (FindLiveObjects: 0.148700 ms CreateObjectMapping: 0.045300 ms MarkObjects: 1.502800 ms  DeleteObjects: 0.093300 ms)

========================================================================
Received Import Request.
  Time since last request: 372.441266 seconds.
  path: Assets/Scenes/MenuScene.unity
  artifactKey: Guid(3fa0be04b879dcd4e82a95480b5d56db) Importer(815301076,1909f56bfc062723c751e8b465ee728b)
Start importing Assets/Scenes/MenuScene.unity using Guid(3fa0be04b879dcd4e82a95480b5d56db) Importer(815301076,1909f56bfc062723c751e8b465ee728b)  -> (artifact id: '88c0c33d898f519db9f227a097d143ce') in 0.014949 seconds
  Import took 0.017709 seconds .

========================================================================
Received Prepare
Registering precompiled user dll's ...
Registered in 0.000964 seconds.
Begin MonoManager ReloadAssembly
Native extension for WindowsStandalone target not found
Refreshing native plugins compatible for Editor in 0.29 ms, found 1 plugins.
Preloading 0 native plugins for Editor in 0.00 ms.
Mono: successfully reloaded assembly
- Completed reload, in  0.770 seconds
Platform modules already initialized, skipping
Refreshing native plugins compatible for Editor in 0.31 ms, found 1 plugins.
Preloading 0 native plugins for Editor in 0.00 ms.
Unloading 1670 Unused Serialized files (Serialized files now loaded: 0)
System memory in use before: 104.8 MB.
System memory in use after: 104.9 MB.

Unloading 8 unused Assets to reduce memory usage. Loaded Objects now: 2264.
Total: 2.135000 ms (FindLiveObjects: 0.166000 ms CreateObjectMapping: 0.046900 ms MarkObjects: 1.867600 ms  DeleteObjects: 0.053600 ms)

========================================================================
Received Prepare
Registering precompiled user dll's ...
Registered in 0.001021 seconds.
Begin MonoManager ReloadAssembly
Native extension for WindowsStandalone target not found
Refreshing native plugins compatible for Editor in 0.30 ms, found 1 plugins.
Preloading 0 native plugins for Editor in 0.00 ms.
Mono: successfully reloaded assembly
- Completed reload, in  0.749 seconds
Platform modules already initialized, skipping
Refreshing native plugins compatible for Editor in 0.32 ms, found 1 plugins.
Preloading 0 native plugins for Editor in 0.00 ms.
Unloading 1670 Unused Serialized files (Serialized files now loaded: 0)
System memory in use before: 104.8 MB.
System memory in use after: 104.9 MB.

Unloading 8 unused Assets to reduce memory usage. Loaded Objects now: 2268.
Total: 1.931200 ms (FindLiveObjects: 0.168500 ms CreateObjectMapping: 0.044400 ms MarkObjects: 1.631600 ms  DeleteObjects: 0.085800 ms)

========================================================================
Received Prepare
Registering precompiled user dll's ...
Registered in 0.001117 seconds.
Begin MonoManager ReloadAssembly
Native extension for WindowsStandalone target not found
Refreshing native plugins compatible for Editor in 0.31 ms, found 1 plugins.
Preloading 0 native plugins for Editor in 0.00 ms.
Mono: successfully reloaded assembly
- Completed reload, in  0.727 seconds
Platform modules already initialized, skipping
Refreshing native plugins compatible for Editor in 0.30 ms, found 1 plugins.
Preloading 0 native plugins for Editor in 0.00 ms.
Unloading 1670 Unused Serialized files (Serialized files now loaded: 0)
System memory in use before: 104.9 MB.
System memory in use after: 104.9 MB.

Unloading 8 unused Assets to reduce memory usage. Loaded Objects now: 2272.
Total: 1.893100 ms (FindLiveObjects: 0.137900 ms CreateObjectMapping: 0.041200 ms MarkObjects: 1.654800 ms  DeleteObjects: 0.058500 ms)

========================================================================
Received Import Request.
  Time since last request: 299.512974 seconds.
  path: Packages/com.unity.2d.animation/Editor/Assets/SkinningModule/Icons/Light/Bone.png
  artifactKey: Guid(62ce01ddca719d34ea9648c586a7cc94) Importer(815301076,1909f56bfc062723c751e8b465ee728b)
Start importing Packages/com.unity.2d.animation/Editor/Assets/SkinningModule/Icons/Light/Bone.png using Guid(62ce01ddca719d34ea9648c586a7cc94) Importer(815301076,1909f56bfc062723c751e8b465ee728b)  -> (artifact id: 'fcb23684d1ec62a50c053c64e07b646f') in 0.094118 seconds
  Import took 0.097900 seconds .

========================================================================
Received Import Request.
  Time since last request: 1.949935 seconds.
  path: Packages/com.unity.2d.animation/Editor/Assets/SkinningModule/Icons/Light/Bone@2x.png
  artifactKey: Guid(d6a44ab95b0def041a7929981a2c23a1) Importer(815301076,1909f56bfc062723c751e8b465ee728b)
Start importing Packages/com.unity.2d.animation/Editor/Assets/SkinningModule/Icons/Light/Bone@2x.png using Guid(d6a44ab95b0def041a7929981a2c23a1) Importer(815301076,1909f56bfc062723c751e8b465ee728b)  -> (artifact id: '7ba1d8daed21f5bf8cf2886461e33539') in 0.012414 seconds
  Import took 0.015638 seconds .

========================================================================
Received Import Request.
  Time since last request: 0.000256 seconds.
  path: Packages/com.unity.2d.animation/Editor/Assets/SkinningModule/Icons/Light/Bone@3x.png
  artifactKey: Guid(76beef9fdae7b48468ddf07d0400a374) Importer(815301076,1909f56bfc062723c751e8b465ee728b)
Start importing Packages/com.unity.2d.animation/Editor/Assets/SkinningModule/Icons/Light/Bone@3x.png using Guid(76beef9fdae7b48468ddf07d0400a374) Importer(815301076,1909f56bfc062723c751e8b465ee728b)  -> (artifact id: 'c07d68126c6e632f5a4acceb6b935c68') in 0.013700 seconds
  Import took 0.016813 seconds .

========================================================================
Received Import Request.
  Time since last request: 0.000449 seconds.
  path: Packages/com.unity.2d.animation/Editor/Assets/SkinningModule/Icons/Light/Bone_Influence.png
  artifactKey: Guid(e92fc44f12c21dd44a49e390f39f7ffd) Importer(815301076,1909f56bfc062723c751e8b465ee728b)
Start importing Packages/com.unity.2d.animation/Editor/Assets/SkinningModule/Icons/Light/Bone_Influence.png using Guid(e92fc44f12c21dd44a49e390f39f7ffd) Importer(815301076,1909f56bfc062723c751e8b465ee728b)  -> (artifact id: '4c85fcd46f0d606ec51a00436b2008ee') in 0.014862 seconds
  Import took 0.018741 seconds .

========================================================================
Received Import Request.
  Time since last request: 0.000274 seconds.
  path: Packages/com.unity.2d.animation/Editor/Assets/SkinningModule/Icons/Light/Bone@4x.png
  artifactKey: Guid(9125c204f566db048a92ebcb64d9d14a) Importer(815301076,1909f56bfc062723c751e8b465ee728b)
Start importing Packages/com.unity.2d.animation/Editor/Assets/SkinningModule/Icons/Light/Bone@4x.png using Guid(9125c204f566db048a92ebcb64d9d14a) Importer(815301076,1909f56bfc062723c751e8b465ee728b)  -> (artifact id: 'f66700707a135573cf92fb0fc97e57a1') in 0.015456 seconds
  Import took 0.019914 seconds .

========================================================================
Received Import Request.
  Time since last request: 0.519050 seconds.
  path: Packages/com.unity.2d.animation/Editor/Assets/SkinningModule/Icons/Selected/Bone_Influence.png
  artifactKey: Guid(ff00345da0563d641903c5bd5bb748a4) Importer(815301076,1909f56bfc062723c751e8b465ee728b)
Start importing Packages/com.unity.2d.animation/Editor/Assets/SkinningModule/Icons/Selected/Bone_Influence.png using Guid(ff00345da0563d641903c5bd5bb748a4) Importer(815301076,1909f56bfc062723c751e8b465ee728b)  -> (artifact id: 'e045a106f2b3682dee2d26429113156c') in 0.010738 seconds
  Import took 0.013903 seconds .

========================================================================
Received Import Request.
  Time since last request: 0.000250 seconds.
  path: Packages/com.unity.2d.animation/Editor/Assets/SkinningModule/Icons/Selected/Bone_Influence@2x.png
  artifactKey: Guid(0779ad3feec52124e97114bcbb12ef13) Importer(815301076,1909f56bfc062723c751e8b465ee728b)
Start importing Packages/com.unity.2d.animation/Editor/Assets/SkinningModule/Icons/Selected/Bone_Influence@2x.png using Guid(0779ad3feec52124e97114bcbb12ef13) Importer(815301076,1909f56bfc062723c751e8b465ee728b)  -> (artifact id: '57fb578c07296edd47003f614ba57490') in 0.014714 seconds
  Import took 0.017242 seconds .

========================================================================
Received Import Request.
  Time since last request: 0.000231 seconds.
  path: Packages/com.unity.2d.animation/Editor/Assets/SkinningModule/Icons/Light/Bone_Influence@2x.png
  artifactKey: Guid(7395bf0bc3cc40e4ab2dda5ec6832261) Importer(815301076,1909f56bfc062723c751e8b465ee728b)
Start importing Packages/com.unity.2d.animation/Editor/Assets/SkinningModule/Icons/Light/Bone_Influence@2x.png using Guid(7395bf0bc3cc40e4ab2dda5ec6832261) Importer(815301076,1909f56bfc062723c751e8b465ee728b)  -> (artifact id: 'ce74f946096cd0c4f4a7f2b8e69c6e66') in 0.012246 seconds
  Import took 0.015143 seconds .

========================================================================
Received Import Request.
  Time since last request: 0.000253 seconds.
  path: Packages/com.unity.2d.animation/Editor/Assets/SkinningModule/Icons/Selected/Bone_Influence@2x.png
  artifactKey: Guid(0779ad3feec52124e97114bcbb12ef13) Importer(815301076,1909f56bfc062723c751e8b465ee728b)
Start importing Packages/com.unity.2d.animation/Editor/Assets/SkinningModule/Icons/Selected/Bone_Influence@2x.png using Guid(0779ad3feec52124e97114bcbb12ef13) Importer(815301076,1909f56bfc062723c751e8b465ee728b)  -> (artifact id: '57fb578c07296edd47003f614ba57490') in 0.007687 seconds
  Import took 0.010522 seconds .

========================================================================
Received Import Request.
  Time since last request: 0.000237 seconds.
  path: Packages/com.unity.2d.animation/Editor/Assets/SkinningModule/Icons/Selected/Bone_Influence.png
  artifactKey: Guid(ff00345da0563d641903c5bd5bb748a4) Importer(815301076,1909f56bfc062723c751e8b465ee728b)
Start importing Packages/com.unity.2d.animation/Editor/Assets/SkinningModule/Icons/Selected/Bone_Influence.png using Guid(ff00345da0563d641903c5bd5bb748a4) Importer(815301076,1909f56bfc062723c751e8b465ee728b)  -> (artifact id: 'e045a106f2b3682dee2d26429113156c') in 0.007653 seconds
  Import took 0.010383 seconds .

========================================================================
Received Import Request.
  Time since last request: 0.000202 seconds.
  path: Packages/com.unity.2d.animation/Editor/Assets/SkinningModule/Icons/Selected/Bone_Influence@3x.png
  artifactKey: Guid(68e5a78013e33f247822a837e55b0ab4) Importer(815301076,1909f56bfc062723c751e8b465ee728b)
Start importing Packages/com.unity.2d.animation/Editor/Assets/SkinningModule/Icons/Selected/Bone_Influence@3x.png using Guid(68e5a78013e33f247822a837e55b0ab4) Importer(815301076,1909f56bfc062723c751e8b465ee728b)  -> (artifact id: '512edadc302ee80891be8763373db4a5') in 0.019334 seconds
  Import took 0.023278 seconds .

========================================================================
Received Import Request.
  Time since last request: 0.000228 seconds.
  path: Packages/com.unity.2d.animation/Editor/Assets/SkinningModule/Icons/Selected/Bone_Influence@4x.png
  artifactKey: Guid(daf2ab606d4db0d4f9ecf4c02137d2a8) Importer(815301076,1909f56bfc062723c751e8b465ee728b)
Start importing Packages/com.unity.2d.animation/Editor/Assets/SkinningModule/Icons/Selected/Bone_Influence@4x.png using Guid(daf2ab606d4db0d4f9ecf4c02137d2a8) Importer(815301076,1909f56bfc062723c751e8b465ee728b)  -> (artifact id: '269c286c15f89522a9c6aa245ea4de7d') in 0.019812 seconds
  Import took 0.024080 seconds .

========================================================================
Received Import Request.
  Time since last request: 0.000331 seconds.
  path: Packages/com.unity.2d.animation/Editor/Assets/SkinningModule/Icons/Light/Bone_Influence@3x.png
  artifactKey: Guid(cee9dbe90b270c944ae1dabf41c93b10) Importer(815301076,1909f56bfc062723c751e8b465ee728b)
Start importing Packages/com.unity.2d.animation/Editor/Assets/SkinningModule/Icons/Light/Bone_Influence@3x.png using Guid(cee9dbe90b270c944ae1dabf41c93b10) Importer(815301076,1909f56bfc062723c751e8b465ee728b)  -> (artifact id: 'a1b942cb9a212b55c813d053008ec2a5') in 0.012835 seconds
  Import took 0.016523 seconds .

========================================================================
Received Import Request.
  Time since last request: 0.589414 seconds.
  path: Packages/com.unity.2d.animation/Editor/Assets/SkinningModule/Icons/Light/Bone_Influence@4x.png
  artifactKey: Guid(c7aa62ae78ffca0498c89e5f45f94c0e) Importer(815301076,1909f56bfc062723c751e8b465ee728b)
Start importing Packages/com.unity.2d.animation/Editor/Assets/SkinningModule/Icons/Light/Bone_Influence@4x.png using Guid(c7aa62ae78ffca0498c89e5f45f94c0e) Importer(815301076,1909f56bfc062723c751e8b465ee728b)  -> (artifact id: '974dbaa4ccdc80d082da91b016a1d18c') in 0.011802 seconds
  Import took 0.015419 seconds .

========================================================================
Received Import Request.
  Time since last request: 0.000273 seconds.
  path: Packages/com.unity.2d.animation/Editor/Assets/SkinningModule/Icons/Selected/character_Mode.png
  artifactKey: Guid(e60718119cec31e4190849292fcde068) Importer(815301076,1909f56bfc062723c751e8b465ee728b)
Start importing Packages/com.unity.2d.animation/Editor/Assets/SkinningModule/Icons/Selected/character_Mode.png using Guid(e60718119cec31e4190849292fcde068) Importer(815301076,1909f56bfc062723c751e8b465ee728b)  -> (artifact id: '26dfa14428d88831d6cb36d5e7c07a21') in 0.014088 seconds
  Import took 0.017308 seconds .

========================================================================
Received Import Request.
  Time since last request: 0.000292 seconds.
  path: Packages/com.unity.2d.animation/Editor/Assets/SkinningModule/Icons/Selected/character_Mode@2x.png
  artifactKey: Guid(5d52b20f865aff242bfcb08c3b6f61a5) Importer(815301076,1909f56bfc062723c751e8b465ee728b)
Start importing Packages/com.unity.2d.animation/Editor/Assets/SkinningModule/Icons/Selected/character_Mode@2x.png using Guid(5d52b20f865aff242bfcb08c3b6f61a5) Importer(815301076,1909f56bfc062723c751e8b465ee728b)  -> (artifact id: 'cc17a0a827e88d93db0dbe8e86bf98ad') in 0.013182 seconds
  Import took 0.016247 seconds .

========================================================================
Received Import Request.
  Time since last request: 0.000290 seconds.
  path: Packages/com.unity.2d.animation/Editor/Assets/SkinningModule/Icons/Light/character_Mode.png
  artifactKey: Guid(d4d64a6cd9624c34a815dd79fb2a20a4) Importer(815301076,1909f56bfc062723c751e8b465ee728b)
Start importing Packages/com.unity.2d.animation/Editor/Assets/SkinningModule/Icons/Light/character_Mode.png using Guid(d4d64a6cd9624c34a815dd79fb2a20a4) Importer(815301076,1909f56bfc062723c751e8b465ee728b)  -> (artifact id: 'b5ee3ee2502e20a93ce2d3c62772096f') in 0.010917 seconds
  Import took 0.014462 seconds .

========================================================================
Received Import Request.
  Time since last request: 0.004254 seconds.
  path: Packages/com.unity.2d.animation/Editor/Assets/SkinningModule/Icons/Light/character_Mode@2x.png
  artifactKey: Guid(25096ce515c063c48a2bd6b108c95912) Importer(815301076,1909f56bfc062723c751e8b465ee728b)
Start importing Packages/com.unity.2d.animation/Editor/Assets/SkinningModule/Icons/Light/character_Mode@2x.png using Guid(25096ce515c063c48a2bd6b108c95912) Importer(815301076,1909f56bfc062723c751e8b465ee728b)  -> (artifact id: '7c18aaefa5a5908cc47c724afc509aff') in 0.011901 seconds
  Import took 0.015451 seconds .

========================================================================
Received Import Request.
  Time since last request: 0.000208 seconds.
  path: Packages/com.unity.2d.animation/Editor/Assets/SkinningModule/Icons/Selected/character_Mode@3x.png
  artifactKey: Guid(dcea51d6065d64246aeec467afeff684) Importer(815301076,1909f56bfc062723c751e8b465ee728b)
Start importing Packages/com.unity.2d.animation/Editor/Assets/SkinningModule/Icons/Selected/character_Mode@3x.png using Guid(dcea51d6065d64246aeec467afeff684) Importer(815301076,1909f56bfc062723c751e8b465ee728b)  -> (artifact id: '24023654949800a56769174570832449') in 0.014068 seconds
  Import took 0.017638 seconds .

========================================================================
Received Prepare
Registering precompiled user dll's ...
Registered in 0.001394 seconds.
Begin MonoManager ReloadAssembly
Native extension for WindowsStandalone target not found
Refreshing native plugins compatible for Editor in 0.31 ms, found 1 plugins.
Preloading 0 native plugins for Editor in 0.00 ms.
Mono: successfully reloaded assembly
- Completed reload, in  0.809 seconds
Platform modules already initialized, skipping
Refreshing native plugins compatible for Editor in 0.31 ms, found 1 plugins.
Preloading 0 native plugins for Editor in 0.00 ms.
Unloading 1670 Unused Serialized files (Serialized files now loaded: 0)
System memory in use before: 105.0 MB.
System memory in use after: 105.1 MB.

Unloading 8 unused Assets to reduce memory usage. Loaded Objects now: 2286.
Total: 1.996500 ms (FindLiveObjects: 0.143100 ms CreateObjectMapping: 0.041200 ms MarkObjects: 1.751900 ms  DeleteObjects: 0.059700 ms)

========================================================================
Received Import Request.
  Time since last request: 115.433264 seconds.
  path: Assets/Scenes/MenuScene.unity
  artifactKey: Guid(3fa0be04b879dcd4e82a95480b5d56db) Importer(815301076,1909f56bfc062723c751e8b465ee728b)
Start importing Assets/Scenes/MenuScene.unity using Guid(3fa0be04b879dcd4e82a95480b5d56db) Importer(815301076,1909f56bfc062723c751e8b465ee728b)  -> (artifact id: '9f0a90c541adee01482197557c63a044') in 0.015529 seconds
  Import took 0.018367 seconds .

========================================================================
Received Prepare
Registering precompiled user dll's ...
Registered in 0.000910 seconds.
Begin MonoManager ReloadAssembly
Native extension for WindowsStandalone target not found
Refreshing native plugins compatible for Editor in 0.30 ms, found 1 plugins.
Preloading 0 native plugins for Editor in 0.00 ms.
Mono: successfully reloaded assembly
- Completed reload, in  0.756 seconds
Platform modules already initialized, skipping
Refreshing native plugins compatible for Editor in 0.30 ms, found 1 plugins.
Preloading 0 native plugins for Editor in 0.00 ms.
Unloading 1670 Unused Serialized files (Serialized files now loaded: 0)
System memory in use before: 105.0 MB.
System memory in use after: 105.1 MB.

Unloading 8 unused Assets to reduce memory usage. Loaded Objects now: 2290.
Total: 1.990900 ms (FindLiveObjects: 0.169100 ms CreateObjectMapping: 0.046500 ms MarkObjects: 1.685900 ms  DeleteObjects: 0.088600 ms)

========================================================================
Received Prepare
Registering precompiled user dll's ...
Registered in 0.000974 seconds.
Begin MonoManager ReloadAssembly
Native extension for WindowsStandalone target not found
Refreshing native plugins compatible for Editor in 0.30 ms, found 1 plugins.
Preloading 0 native plugins for Editor in 0.00 ms.
Mono: successfully reloaded assembly
- Completed reload, in  0.788 seconds
Platform modules already initialized, skipping
Refreshing native plugins compatible for Editor in 0.31 ms, found 1 plugins.
Preloading 0 native plugins for Editor in 0.00 ms.
Unloading 1670 Unused Serialized files (Serialized files now loaded: 0)
System memory in use before: 105.0 MB.
System memory in use after: 105.1 MB.

Unloading 8 unused Assets to reduce memory usage. Loaded Objects now: 2294.
Total: 1.922200 ms (FindLiveObjects: 0.165200 ms CreateObjectMapping: 0.041200 ms MarkObjects: 1.627000 ms  DeleteObjects: 0.088100 ms)

========================================================================
Received Prepare
Registering precompiled user dll's ...
Registered in 0.000980 seconds.
Begin MonoManager ReloadAssembly
Native extension for WindowsStandalone target not found
Refreshing native plugins compatible for Editor in 0.31 ms, found 1 plugins.
Preloading 0 native plugins for Editor in 0.00 ms.
Mono: successfully reloaded assembly
- Completed reload, in  0.794 seconds
Platform modules already initialized, skipping
Refreshing native plugins compatible for Editor in 0.31 ms, found 1 plugins.
Preloading 0 native plugins for Editor in 0.00 ms.
Unloading 1670 Unused Serialized files (Serialized files now loaded: 0)
System memory in use before: 105.0 MB.
System memory in use after: 105.1 MB.

Unloading 8 unused Assets to reduce memory usage. Loaded Objects now: 2298.
Total: 1.714300 ms (FindLiveObjects: 0.153700 ms CreateObjectMapping: 0.046400 ms MarkObjects: 1.451300 ms  DeleteObjects: 0.061900 ms)

========================================================================
Received Import Request.
  Time since last request: 479.150914 seconds.
  path: Assets/Prefebs/PipePrefab.prefab
  artifactKey: Guid(240769ec61bea3443a15c258c8ec9db6) Importer(815301076,1909f56bfc062723c751e8b465ee728b)
Start importing Assets/Prefebs/PipePrefab.prefab using Guid(240769ec61bea3443a15c258c8ec9db6) Importer(815301076,1909f56bfc062723c751e8b465ee728b)  -> (artifact id: '9a2fd641bfdf971e12a2bb37550019ec') in 0.056309 seconds
  Import took 0.058945 seconds .

========================================================================
Received Prepare
Registering precompiled user dll's ...
Registered in 0.000953 seconds.
Begin MonoManager ReloadAssembly
Native extension for WindowsStandalone target not found
Refreshing native plugins compatible for Editor in 0.41 ms, found 1 plugins.
Preloading 0 native plugins for Editor in 0.00 ms.
Mono: successfully reloaded assembly
- Completed reload, in  0.816 seconds
Platform modules already initialized, skipping
Refreshing native plugins compatible for Editor in 0.31 ms, found 1 plugins.
Preloading 0 native plugins for Editor in 0.00 ms.
Unloading 1670 Unused Serialized files (Serialized files now loaded: 0)
System memory in use before: 105.1 MB.
System memory in use after: 105.1 MB.

Unloading 8 unused Assets to reduce memory usage. Loaded Objects now: 2304.
Total: 1.904700 ms (FindLiveObjects: 0.166400 ms CreateObjectMapping: 0.042900 ms MarkObjects: 1.610700 ms  DeleteObjects: 0.084100 ms)

========================================================================
Received Prepare
Registering precompiled user dll's ...
Registered in 0.001100 seconds.
Begin MonoManager ReloadAssembly
Native extension for WindowsStandalone target not found
Refreshing native plugins compatible for Editor in 0.31 ms, found 1 plugins.
Preloading 0 native plugins for Editor in 0.00 ms.
Mono: successfully reloaded assembly
- Completed reload, in  0.753 seconds
Platform modules already initialized, skipping
Refreshing native plugins compatible for Editor in 0.42 ms, found 1 plugins.
Preloading 0 native plugins for Editor in 0.00 ms.
Unloading 1670 Unused Serialized files (Serialized files now loaded: 0)
System memory in use before: 105.0 MB.
System memory in use after: 105.1 MB.

Unloading 8 unused Assets to reduce memory usage. Loaded Objects now: 2308.
Total: 1.932500 ms (FindLiveObjects: 0.188300 ms CreateObjectMapping: 0.052900 ms MarkObjects: 1.641500 ms  DeleteObjects: 0.049000 ms)

========================================================================
Received Import Request.
  Time since last request: 79.231749 seconds.
  path: Assets/Prefebs/PipePrefab.prefab
  artifactKey: Guid(240769ec61bea3443a15c258c8ec9db6) Importer(815301076,1909f56bfc062723c751e8b465ee728b)
Start importing Assets/Prefebs/PipePrefab.prefab using Guid(240769ec61bea3443a15c258c8ec9db6) Importer(815301076,1909f56bfc062723c751e8b465ee728b)  -> (artifact id: '466ee8816b3ddb128a2b15048e869b94') in 0.052960 seconds
  Import took 0.056483 seconds .

========================================================================
Received Import Request.
  Time since last request: 37.712364 seconds.
  path: Assets/Scenes/MenuScene.unity
  artifactKey: Guid(3fa0be04b879dcd4e82a95480b5d56db) Importer(815301076,1909f56bfc062723c751e8b465ee728b)
Start importing Assets/Scenes/MenuScene.unity using Guid(3fa0be04b879dcd4e82a95480b5d56db) Importer(815301076,1909f56bfc062723c751e8b465ee728b)  -> (artifact id: '536b0e5c107aef0b83eff15e6676b885') in 0.003399 seconds
  Import took 0.006294 seconds .

========================================================================
Received Prepare
Registering precompiled user dll's ...
Registered in 0.001161 seconds.
Begin MonoManager ReloadAssembly
Native extension for WindowsStandalone target not found
Refreshing native plugins compatible for Editor in 0.30 ms, found 1 plugins.
Preloading 0 native plugins for Editor in 0.00 ms.
Mono: successfully reloaded assembly
- Completed reload, in  0.756 seconds
Platform modules already initialized, skipping
Refreshing native plugins compatible for Editor in 0.30 ms, found 1 plugins.
Preloading 0 native plugins for Editor in 0.00 ms.
Unloading 1670 Unused Serialized files (Serialized files now loaded: 0)
System memory in use before: 105.1 MB.
System memory in use after: 105.1 MB.

Unloading 8 unused Assets to reduce memory usage. Loaded Objects now: 2313.
Total: 1.857500 ms (FindLiveObjects: 0.167600 ms CreateObjectMapping: 0.042000 ms MarkObjects: 1.563000 ms  DeleteObjects: 0.084000 ms)

========================================================================
Received Import Request.
  Time since last request: 31.645943 seconds.
  path: Assets/Scenes/SampleScene.unity
  artifactKey: Guid(9fc0d4010bbf28b4594072e72b8655ab) Importer(815301076,1909f56bfc062723c751e8b465ee728b)
Start importing Assets/Scenes/SampleScene.unity using Guid(9fc0d4010bbf28b4594072e72b8655ab) Importer(815301076,1909f56bfc062723c751e8b465ee728b)  -> (artifact id: '35e8ce4a5e993bd2febab83603213e24') in 0.013105 seconds
  Import took 0.016011 seconds .

========================================================================
Received Prepare
Registering precompiled user dll's ...
Registered in 0.000987 seconds.
Begin MonoManager ReloadAssembly
Native extension for WindowsStandalone target not found
Refreshing native plugins compatible for Editor in 0.30 ms, found 1 plugins.
Preloading 0 native plugins for Editor in 0.00 ms.
Mono: successfully reloaded assembly
- Completed reload, in  0.769 seconds
Platform modules already initialized, skipping
Refreshing native plugins compatible for Editor in 0.31 ms, found 1 plugins.
Preloading 0 native plugins for Editor in 0.00 ms.
Unloading 1670 Unused Serialized files (Serialized files now loaded: 0)
System memory in use before: 105.1 MB.
System memory in use after: 105.2 MB.

Unloading 8 unused Assets to reduce memory usage. Loaded Objects now: 2317.
Total: 1.924700 ms (FindLiveObjects: 0.163000 ms CreateObjectMapping: 0.040700 ms MarkObjects: 1.632000 ms  DeleteObjects: 0.088200 ms)

========================================================================
Received Prepare
Registering precompiled user dll's ...
Registered in 0.001028 seconds.
Begin MonoManager ReloadAssembly
Native extension for WindowsStandalone target not found
Refreshing native plugins compatible for Editor in 0.33 ms, found 1 plugins.
Preloading 0 native plugins for Editor in 0.00 ms.
Mono: successfully reloaded assembly
- Completed reload, in  0.750 seconds
Platform modules already initialized, skipping
Refreshing native plugins compatible for Editor in 0.30 ms, found 1 plugins.
Preloading 0 native plugins for Editor in 0.00 ms.
Unloading 1670 Unused Serialized files (Serialized files now loaded: 0)
System memory in use before: 105.1 MB.
System memory in use after: 105.2 MB.

Unloading 8 unused Assets to reduce memory usage. Loaded Objects now: 2321.
Total: 2.138100 ms (FindLiveObjects: 0.187100 ms CreateObjectMapping: 0.053400 ms MarkObjects: 1.809400 ms  DeleteObjects: 0.087400 ms)

========================================================================
Received Prepare
Registering precompiled user dll's ...
Registered in 0.000948 seconds.
Begin MonoManager ReloadAssembly
Native extension for WindowsStandalone target not found
Refreshing native plugins compatible for Editor in 0.31 ms, found 1 plugins.
Preloading 0 native plugins for Editor in 0.00 ms.
Mono: successfully reloaded assembly
- Completed reload, in  0.753 seconds
Platform modules already initialized, skipping
Refreshing native plugins compatible for Editor in 0.32 ms, found 1 plugins.
Preloading 0 native plugins for Editor in 0.00 ms.
Unloading 1670 Unused Serialized files (Serialized files now loaded: 0)
System memory in use before: 105.1 MB.
System memory in use after: 105.2 MB.

Unloading 8 unused Assets to reduce memory usage. Loaded Objects now: 2325.
Total: 1.926200 ms (FindLiveObjects: 0.163900 ms CreateObjectMapping: 0.041900 ms MarkObjects: 1.626400 ms  DeleteObjects: 0.093300 ms)

========================================================================
Received Prepare
Registering precompiled user dll's ...
Registered in 0.001264 seconds.
Begin MonoManager ReloadAssembly
Native extension for WindowsStandalone target not found
Refreshing native plugins compatible for Editor in 0.35 ms, found 1 plugins.
Preloading 0 native plugins for Editor in 0.00 ms.
Mono: successfully reloaded assembly
- Completed reload, in  0.777 seconds
Platform modules already initialized, skipping
Refreshing native plugins compatible for Editor in 0.35 ms, found 1 plugins.
Preloading 0 native plugins for Editor in 0.00 ms.
Unloading 1670 Unused Serialized files (Serialized files now loaded: 0)
System memory in use before: 105.1 MB.
System memory in use after: 105.2 MB.

Unloading 8 unused Assets to reduce memory usage. Loaded Objects now: 2329.
Total: 1.998400 ms (FindLiveObjects: 0.170800 ms CreateObjectMapping: 0.041900 ms MarkObjects: 1.722400 ms  DeleteObjects: 0.062600 ms)

========================================================================
Received Prepare
Registering precompiled user dll's ...
Registered in 0.000987 seconds.
Begin MonoManager ReloadAssembly
Native extension for WindowsStandalone target not found
Refreshing native plugins compatible for Editor in 0.30 ms, found 1 plugins.
Preloading 0 native plugins for Editor in 0.00 ms.
Mono: successfully reloaded assembly
- Completed reload, in  0.763 seconds
Platform modules already initialized, skipping
Refreshing native plugins compatible for Editor in 0.31 ms, found 1 plugins.
Preloading 0 native plugins for Editor in 0.00 ms.
Unloading 1670 Unused Serialized files (Serialized files now loaded: 0)
System memory in use before: 105.1 MB.
System memory in use after: 105.2 MB.

Unloading 8 unused Assets to reduce memory usage. Loaded Objects now: 2333.
Total: 3.140000 ms (FindLiveObjects: 0.204100 ms CreateObjectMapping: 0.049100 ms MarkObjects: 2.536200 ms  DeleteObjects: 0.349000 ms)

========================================================================
Received Prepare
Registering precompiled user dll's ...
Registered in 0.001245 seconds.
Begin MonoManager ReloadAssembly
Native extension for WindowsStandalone target not found
Refreshing native plugins compatible for Editor in 0.33 ms, found 1 plugins.
Preloading 0 native plugins for Editor in 0.00 ms.
Mono: successfully reloaded assembly
- Completed reload, in  0.901 seconds
Platform modules already initialized, skipping
Refreshing native plugins compatible for Editor in 0.32 ms, found 1 plugins.
Preloading 0 native plugins for Editor in 0.00 ms.
Unloading 1670 Unused Serialized files (Serialized files now loaded: 0)
System memory in use before: 105.1 MB.
System memory in use after: 105.2 MB.

Unloading 8 unused Assets to reduce memory usage. Loaded Objects now: 2337.
Total: 1.895000 ms (FindLiveObjects: 0.209800 ms CreateObjectMapping: 0.063200 ms MarkObjects: 1.571500 ms  DeleteObjects: 0.049200 ms)

========================================================================
Received Prepare
Registering precompiled user dll's ...
Registered in 0.000940 seconds.
Begin MonoManager ReloadAssembly
Native extension for WindowsStandalone target not found
Refreshing native plugins compatible for Editor in 0.30 ms, found 1 plugins.
Preloading 0 native plugins for Editor in 0.00 ms.
Mono: successfully reloaded assembly
- Completed reload, in  0.791 seconds
Platform modules already initialized, skipping
Refreshing native plugins compatible for Editor in 0.31 ms, found 1 plugins.
Preloading 0 native plugins for Editor in 0.00 ms.
Unloading 1670 Unused Serialized files (Serialized files now loaded: 0)
System memory in use before: 105.1 MB.
System memory in use after: 105.2 MB.

Unloading 8 unused Assets to reduce memory usage. Loaded Objects now: 2341.
Total: 1.945100 ms (FindLiveObjects: 0.201700 ms CreateObjectMapping: 0.084500 ms MarkObjects: 1.560100 ms  DeleteObjects: 0.098000 ms)

========================================================================
Received Prepare
Registering precompiled user dll's ...
Registered in 0.000942 seconds.
Begin MonoManager ReloadAssembly
Native extension for WindowsStandalone target not found
Refreshing native plugins compatible for Editor in 0.31 ms, found 1 plugins.
Preloading 0 native plugins for Editor in 0.00 ms.
Mono: successfully reloaded assembly
- Completed reload, in  0.765 seconds
Platform modules already initialized, skipping
Refreshing native plugins compatible for Editor in 0.31 ms, found 1 plugins.
Preloading 0 native plugins for Editor in 0.00 ms.
Unloading 1670 Unused Serialized files (Serialized files now loaded: 0)
System memory in use before: 105.1 MB.
System memory in use after: 105.2 MB.

Unloading 8 unused Assets to reduce memory usage. Loaded Objects now: 2345.
Total: 2.028700 ms (FindLiveObjects: 0.177600 ms CreateObjectMapping: 0.041900 ms MarkObjects: 1.739400 ms  DeleteObjects: 0.068800 ms)

========================================================================
Received Prepare
Registering precompiled user dll's ...
Registered in 0.001010 seconds.
Begin MonoManager ReloadAssembly
Native extension for WindowsStandalone target not found
Refreshing native plugins compatible for Editor in 0.30 ms, found 1 plugins.
Preloading 0 native plugins for Editor in 0.00 ms.
Mono: successfully reloaded assembly
- Completed reload, in  0.771 seconds
Platform modules already initialized, skipping
Refreshing native plugins compatible for Editor in 0.31 ms, found 1 plugins.
Preloading 0 native plugins for Editor in 0.00 ms.
Unloading 1670 Unused Serialized files (Serialized files now loaded: 0)
System memory in use before: 105.2 MB.
System memory in use after: 105.2 MB.

Unloading 8 unused Assets to reduce memory usage. Loaded Objects now: 2349.
Total: 2.002300 ms (FindLiveObjects: 0.172700 ms CreateObjectMapping: 0.042300 ms MarkObjects: 1.721500 ms  DeleteObjects: 0.064700 ms)

========================================================================
Received Prepare
Registering precompiled user dll's ...
Registered in 0.000929 seconds.
Begin MonoManager ReloadAssembly
Native extension for WindowsStandalone target not found
Refreshing native plugins compatible for Editor in 0.30 ms, found 1 plugins.
Preloading 0 native plugins for Editor in 0.00 ms.
Mono: successfully reloaded assembly
- Completed reload, in  0.785 seconds
Platform modules already initialized, skipping
Refreshing native plugins compatible for Editor in 0.32 ms, found 1 plugins.
Preloading 0 native plugins for Editor in 0.00 ms.
Unloading 1670 Unused Serialized files (Serialized files now loaded: 0)
System memory in use before: 105.2 MB.
System memory in use after: 105.2 MB.

Unloading 8 unused Assets to reduce memory usage. Loaded Objects now: 2353.
Total: 1.982500 ms (FindLiveObjects: 0.185100 ms CreateObjectMapping: 0.046300 ms MarkObjects: 1.684300 ms  DeleteObjects: 0.066000 ms)

========================================================================
Received Prepare
Registering precompiled user dll's ...
Registered in 0.000924 seconds.
Begin MonoManager ReloadAssembly
Native extension for WindowsStandalone target not found
Refreshing native plugins compatible for Editor in 0.30 ms, found 1 plugins.
Preloading 0 native plugins for Editor in 0.00 ms.
Mono: successfully reloaded assembly
- Completed reload, in  0.766 seconds
Platform modules already initialized, skipping
Refreshing native plugins compatible for Editor in 0.33 ms, found 1 plugins.
Preloading 0 native plugins for Editor in 0.00 ms.
Unloading 1670 Unused Serialized files (Serialized files now loaded: 0)
System memory in use before: 105.2 MB.
System memory in use after: 105.3 MB.

Unloading 8 unused Assets to reduce memory usage. Loaded Objects now: 2357.
Total: 1.893800 ms (FindLiveObjects: 0.186200 ms CreateObjectMapping: 0.055700 ms MarkObjects: 1.587200 ms  DeleteObjects: 0.063900 ms)

========================================================================
Received Prepare
Registering precompiled user dll's ...
Registered in 0.000913 seconds.
Begin MonoManager ReloadAssembly
Native extension for WindowsStandalone target not found
Refreshing native plugins compatible for Editor in 0.43 ms, found 1 plugins.
Preloading 0 native plugins for Editor in 0.00 ms.
Mono: successfully reloaded assembly
- Completed reload, in  0.744 seconds
Platform modules already initialized, skipping
Refreshing native plugins compatible for Editor in 0.30 ms, found 1 plugins.
Preloading 0 native plugins for Editor in 0.00 ms.
Unloading 1670 Unused Serialized files (Serialized files now loaded: 0)
System memory in use before: 105.2 MB.
System memory in use after: 105.3 MB.

Unloading 8 unused Assets to reduce memory usage. Loaded Objects now: 2361.
Total: 1.940700 ms (FindLiveObjects: 0.176400 ms CreateObjectMapping: 0.043700 ms MarkObjects: 1.629500 ms  DeleteObjects: 0.090500 ms)

========================================================================
Received Prepare
Registering precompiled user dll's ...
Registered in 0.001353 seconds.
Begin MonoManager ReloadAssembly
Native extension for WindowsStandalone target not found
Refreshing native plugins compatible for Editor in 0.31 ms, found 1 plugins.
Preloading 0 native plugins for Editor in 0.00 ms.
Mono: successfully reloaded assembly
- Completed reload, in  0.743 seconds
Platform modules already initialized, skipping
Refreshing native plugins compatible for Editor in 0.30 ms, found 1 plugins.
Preloading 0 native plugins for Editor in 0.00 ms.
Unloading 1670 Unused Serialized files (Serialized files now loaded: 0)
System memory in use before: 105.2 MB.
System memory in use after: 105.3 MB.

Unloading 8 unused Assets to reduce memory usage. Loaded Objects now: 2365.
Total: 1.996800 ms (FindLiveObjects: 0.199700 ms CreateObjectMapping: 0.051800 ms MarkObjects: 1.691500 ms  DeleteObjects: 0.052700 ms)

========================================================================
Received Prepare
Registering precompiled user dll's ...
Registered in 0.001027 seconds.
Begin MonoManager ReloadAssembly
Native extension for WindowsStandalone target not found
Refreshing native plugins compatible for Editor in 0.31 ms, found 1 plugins.
Preloading 0 native plugins for Editor in 0.00 ms.
Mono: successfully reloaded assembly
- Completed reload, in  0.776 seconds
Platform modules already initialized, skipping
Refreshing native plugins compatible for Editor in 0.38 ms, found 1 plugins.
Preloading 0 native plugins for Editor in 0.00 ms.
Unloading 1670 Unused Serialized files (Serialized files now loaded: 0)
System memory in use before: 105.2 MB.
System memory in use after: 105.3 MB.

Unloading 8 unused Assets to reduce memory usage. Loaded Objects now: 2369.
Total: 2.060700 ms (FindLiveObjects: 0.184500 ms CreateObjectMapping: 0.051600 ms MarkObjects: 1.759200 ms  DeleteObjects: 0.064700 ms)

========================================================================
Received Prepare
Registering precompiled user dll's ...
Registered in 0.000968 seconds.
Begin MonoManager ReloadAssembly
Native extension for WindowsStandalone target not found
Refreshing native plugins compatible for Editor in 0.30 ms, found 1 plugins.
Preloading 0 native plugins for Editor in 0.00 ms.
Mono: successfully reloaded assembly
- Completed reload, in  0.766 seconds
Platform modules already initialized, skipping
Refreshing native plugins compatible for Editor in 0.48 ms, found 1 plugins.
Preloading 0 native plugins for Editor in 0.00 ms.
Unloading 1670 Unused Serialized files (Serialized files now loaded: 0)
System memory in use before: 105.2 MB.
System memory in use after: 105.3 MB.

Unloading 8 unused Assets to reduce memory usage. Loaded Objects now: 2373.
Total: 1.718200 ms (FindLiveObjects: 0.178700 ms CreateObjectMapping: 0.057600 ms MarkObjects: 1.418400 ms  DeleteObjects: 0.062600 ms)

========================================================================
Received Prepare
Registering precompiled user dll's ...
Registered in 0.001320 seconds.
Begin MonoManager ReloadAssembly
Native extension for WindowsStandalone target not found
Refreshing native plugins compatible for Editor in 0.33 ms, found 1 plugins.
Preloading 0 native plugins for Editor in 0.00 ms.
Mono: successfully reloaded assembly
- Completed reload, in  0.754 seconds
Platform modules already initialized, skipping
Refreshing native plugins compatible for Editor in 0.31 ms, found 1 plugins.
Preloading 0 native plugins for Editor in 0.00 ms.
Unloading 1670 Unused Serialized files (Serialized files now loaded: 0)
System memory in use before: 105.2 MB.
System memory in use after: 105.3 MB.

Unloading 8 unused Assets to reduce memory usage. Loaded Objects now: 2377.
Total: 1.773400 ms (FindLiveObjects: 0.164700 ms CreateObjectMapping: 0.051000 ms MarkObjects: 1.494100 ms  DeleteObjects: 0.062700 ms)

========================================================================
Received Prepare
Registering precompiled user dll's ...
Registered in 0.000901 seconds.
Begin MonoManager ReloadAssembly
Native extension for WindowsStandalone target not found
Refreshing native plugins compatible for Editor in 0.30 ms, found 1 plugins.
Preloading 0 native plugins for Editor in 0.00 ms.
Mono: successfully reloaded assembly
- Completed reload, in  0.784 seconds
Platform modules already initialized, skipping
Refreshing native plugins compatible for Editor in 0.33 ms, found 1 plugins.
Preloading 0 native plugins for Editor in 0.00 ms.
Unloading 1670 Unused Serialized files (Serialized files now loaded: 0)
System memory in use before: 105.2 MB.
System memory in use after: 105.3 MB.

Unloading 8 unused Assets to reduce memory usage. Loaded Objects now: 2381.
Total: 1.903400 ms (FindLiveObjects: 0.179700 ms CreateObjectMapping: 0.041700 ms MarkObjects: 1.629400 ms  DeleteObjects: 0.051600 ms)

========================================================================
Received Import Request.
  Time since last request: 2498.972835 seconds.
  path: Assets/Scenes/SampleScene.unity
  artifactKey: Guid(9fc0d4010bbf28b4594072e72b8655ab) Importer(815301076,1909f56bfc062723c751e8b465ee728b)
Start importing Assets/Scenes/SampleScene.unity using Guid(9fc0d4010bbf28b4594072e72b8655ab) Importer(815301076,1909f56bfc062723c751e8b465ee728b)  -> (artifact id: 'f1954e25500c700b572baf84b50b0aed') in 0.048558 seconds
  Import took 0.051335 seconds .

========================================================================
Received Import Request.
  Time since last request: 290.656920 seconds.
  path: Assets/Materials/Pipes.mat
  artifactKey: Guid(5f3a4333507373d4e8ea5cc490615b9f) Importer(815301076,1909f56bfc062723c751e8b465ee728b)
Start importing Assets/Materials/Pipes.mat using Guid(5f3a4333507373d4e8ea5cc490615b9f) Importer(815301076,1909f56bfc062723c751e8b465ee728b)  -> (artifact id: '287c9213c2820188a6f86d28265399e1') in 0.056736 seconds
  Import took 0.060308 seconds .

========================================================================
Received Import Request.
  Time since last request: 0.548617 seconds.
  path: Assets/Materials/BackGround.mat
  artifactKey: Guid(1400c2efe7284da49bfb539960d96a2c) Importer(815301076,1909f56bfc062723c751e8b465ee728b)
Start importing Assets/Materials/BackGround.mat using Guid(1400c2efe7284da49bfb539960d96a2c) Importer(815301076,1909f56bfc062723c751e8b465ee728b)  -> (artifact id: '85c56fc3986cab81096aa93ffe58a270') in 0.046151 seconds
  Import took 0.049885 seconds .

========================================================================
Received Prepare
Registering precompiled user dll's ...
Registered in 0.000896 seconds.
Begin MonoManager ReloadAssembly
Native extension for WindowsStandalone target not found
Refreshing native plugins compatible for Editor in 0.30 ms, found 1 plugins.
Preloading 0 native plugins for Editor in 0.00 ms.
Mono: successfully reloaded assembly
- Completed reload, in  0.772 seconds
Platform modules already initialized, skipping
Refreshing native plugins compatible for Editor in 0.36 ms, found 1 plugins.
Preloading 0 native plugins for Editor in 0.00 ms.
Unloading 1670 Unused Serialized files (Serialized files now loaded: 0)
System memory in use before: 105.3 MB.
System memory in use after: 105.4 MB.

Unloading 8 unused Assets to reduce memory usage. Loaded Objects now: 2387.
Total: 2.268000 ms (FindLiveObjects: 0.210500 ms CreateObjectMapping: 0.064700 ms MarkObjects: 1.936400 ms  DeleteObjects: 0.055300 ms)

========================================================================
Received Prepare
Registering precompiled user dll's ...
Registered in 0.000964 seconds.
Begin MonoManager ReloadAssembly
Native extension for WindowsStandalone target not found
Refreshing native plugins compatible for Editor in 0.30 ms, found 1 plugins.
Preloading 0 native plugins for Editor in 0.00 ms.
Mono: successfully reloaded assembly
- Completed reload, in  0.761 seconds
Platform modules already initialized, skipping
Refreshing native plugins compatible for Editor in 0.31 ms, found 1 plugins.
Preloading 0 native plugins for Editor in 0.00 ms.
Unloading 1670 Unused Serialized files (Serialized files now loaded: 0)
System memory in use before: 105.3 MB.
System memory in use after: 105.4 MB.

Unloading 8 unused Assets to reduce memory usage. Loaded Objects now: 2391.
Total: 2.197300 ms (FindLiveObjects: 0.225700 ms CreateObjectMapping: 0.067700 ms MarkObjects: 1.837700 ms  DeleteObjects: 0.064800 ms)

========================================================================
Received Prepare
Registering precompiled user dll's ...
Registered in 0.000923 seconds.
Begin MonoManager ReloadAssembly
Native extension for WindowsStandalone target not found
Refreshing native plugins compatible for Editor in 0.30 ms, found 1 plugins.
Preloading 0 native plugins for Editor in 0.00 ms.
Mono: successfully reloaded assembly
- Completed reload, in  0.762 seconds
Platform modules already initialized, skipping
Refreshing native plugins compatible for Editor in 0.30 ms, found 1 plugins.
Preloading 0 native plugins for Editor in 0.00 ms.
Unloading 1670 Unused Serialized files (Serialized files now loaded: 0)
System memory in use before: 105.3 MB.
System memory in use after: 105.4 MB.

Unloading 8 unused Assets to reduce memory usage. Loaded Objects now: 2395.
Total: 1.927400 ms (FindLiveObjects: 0.174000 ms CreateObjectMapping: 0.051400 ms MarkObjects: 1.651500 ms  DeleteObjects: 0.049700 ms)

========================================================================
Received Prepare
Registering precompiled user dll's ...
Registered in 0.000939 seconds.
Begin MonoManager ReloadAssembly
Native extension for WindowsStandalone target not found
Refreshing native plugins compatible for Editor in 0.33 ms, found 1 plugins.
Preloading 0 native plugins for Editor in 0.00 ms.
Mono: successfully reloaded assembly
- Completed reload, in  0.768 seconds
Platform modules already initialized, skipping
Refreshing native plugins compatible for Editor in 0.53 ms, found 1 plugins.
Preloading 0 native plugins for Editor in 0.00 ms.
Unloading 1670 Unused Serialized files (Serialized files now loaded: 0)
System memory in use before: 105.3 MB.
System memory in use after: 105.4 MB.

Unloading 8 unused Assets to reduce memory usage. Loaded Objects now: 2399.
Total: 1.846500 ms (FindLiveObjects: 0.167300 ms CreateObjectMapping: 0.050100 ms MarkObjects: 1.565400 ms  DeleteObjects: 0.062900 ms)

AssetImportWorkerClient::OnTransportError - code=2 error=End of file
